Mono path[0] = 'C:/Games/Starcom Unknown Space/Starcom Unknown Space_Data/Managed'
Mono config path = 'C:/Games/Starcom Unknown Space/MonoBleedingEdge/etc'
Initialize engine version: 2020.3.46f1 (18bc01a066b4)
[Subsystems] Discovering subsystems at path C:/Games/Starcom Unknown Space/Starcom Unknown Space_Data/UnitySubsystems
GfxDevice: creating device client; threaded=1
Direct3D:
    Version:  Direct3D 11.0 [level 11.1]
    Renderer: Intel(R) HD Graphics 520 (ID=0x1916)
    Vendor:   
    VRAM:     8119 MB
    Driver:   31.0.101.2115
Begin MonoManager ReloadAssembly
- Completed reload, in  0.123 seconds
<RI> Initializing input.
<RI> Input initialized.
<RI> Initialized touch support.
UnloadTime: 1.427800 ms
Preloader started, build Kepler (17321)
Async progress 90%, attempting scene activation...
Build Number: 17321
Found announce override, using instead of server supplied news.
Steamworks initialized successfully for 1750770, Branch: 
Creating presave for C:\Games\Starcom Unknown Space\Starcom Unknown Space_Data\StreamingAssets\Content\Kepler\Presaves\Arrival_Complete_info.json
Creating presave for C:\Games\Starcom Unknown Space\Starcom Unknown Space_Data\StreamingAssets\Content\Kepler\Presaves\Post_Prologue_info.json
Localizing to uk
Total localization targets: 0, total symbols: 6103
Activating Wwise
WwiseUnity: Wwise(R) SDK Version 2021.1.9 Build 7847.
WwiseUnity: Setting Plugin DLL path to: C:/Games/Starcom Unknown Space/Starcom Unknown Space_Data\Plugins\x86_64
WwiseUnity: Sound engine initialized successfully.
Preloading DEFAULT
Preloading ALPHA
Preloading ARRIVAL
Preloading BEYOND
Preloading REMNANT_SPACE
Steam knows about 0 achievements
StoryId was null
No starting story found: ''
No starting location
Story 'BEYOND' already started
Bootstrapped story 'GORYR'
#10298 340.452 sec: FPS: 29.55089 Mission Update: 0.00203293
#19170 640.4821 sec: FPS: 28.29869 Mission Update: 0.00187664
#27880 940.4969 sec: FPS: 29.69192 Mission Update: 0.00144205
Task scheduler exceeded 1500ms
Task scheduler exceeded 1500ms
Bootstrapped story 'ASTEROIDS'
Internal: JobTempAlloc has allocations that are more than 4 frames old - this is not allowed and likely a leak
Internal: deleting an allocation that is older than its permitted lifetime of 4 frames (age = 5)
Internal: deleting an allocation that is older than its permitted lifetime of 4 frames (age = 5)
#36534 1240.506 sec: FPS: 29.00165 Mission Update: 0.00193848
Attempted to trigger an unknown Steam Achievement: 'ERMYR_BRIBE'
Bootstrapped story 'CODEX_SHAPE'
#45058 1540.522 sec: FPS: 29.81077 Mission Update: 0.00314993
Cannot interact while scan in progress
Cannot interact while scan in progress
Cannot interact while scan in progress
Cannot interact while scan in progress
Internal: JobTempAlloc has allocations that are more than 4 frames old - this is not allowed and likely a leak
Internal: deleting an allocation that is older than its permitted lifetime of 4 frames (age = 7)
Internal: deleting an allocation that is older than its permitted lifetime of 4 frames (age = 7)
Internal: JobTempAlloc has allocations that are more than 4 frames old - this is not allowed and likely a leak
Internal: deleting an allocation that is older than its permitted lifetime of 4 frames (age = 7)
Internal: deleting an allocation that is older than its permitted lifetime of 4 frames (age = 7)
Cannot begin survey: HOSTILES_NEAR
#53891 1840.533 sec: FPS: 29.92694 Mission Update: 0.00149807
Cannot begin survey: HOSTILES_NEAR
Cannot begin survey: HOSTILES_NEAR
Cannot begin survey: HOSTILES_NEAR
Cannot begin survey: HOSTILES_NEAR
Cannot begin survey: HOSTILES_NEAR
Cannot begin survey: HOSTILES_NEAR
Cannot begin survey: HOSTILES_NEAR
Cannot begin survey: HOSTILES_NEAR
Cannot begin survey: HOSTILES_NEAR
Cannot begin survey: HOSTILES_NEAR
Cannot begin survey: HOSTILES_NEAR
Cannot begin survey: HOSTILES_NEAR
Cannot begin survey: HOSTILES_NEAR
Cannot begin survey: HOSTILES_NEAR
Cannot begin survey: HOSTILES_NEAR
Cannot begin survey: HOSTILES_NEAR
Cannot begin survey: HOSTILES_NEAR
Cannot begin survey: HOSTILES_NEAR
Cannot begin survey: HOSTILES_NEAR
Cannot begin survey: HOSTILES_NEAR
Cannot begin survey: HOSTILES_NEAR
Cannot interact while scan in progress
Cannot interact while scan in progress
Cannot begin survey: HOSTILES_NEAR
Cannot begin survey: HOSTILES_NEAR
Cannot begin survey: HOSTILES_NEAR
Cannot begin survey: HOSTILES_NEAR
Cannot begin survey: HOSTILES_NEAR
Cannot begin survey: HOSTILES_NEAR
Cannot begin survey: HOSTILES_NEAR
Cannot begin survey: HOSTILES_NEAR
Cannot begin survey: HOSTILES_NEAR
Cannot begin survey: HOSTILES_NEAR
Attempted to trigger an unknown Steam Achievement: 'EXPLORER_1'
Cannot begin survey: HOSTILES_NEAR
#62752 2140.553 sec: FPS: 29.78187 Mission Update: 0.00177312
Cannot begin survey: HOSTILES_NEAR
Cannot begin survey: HOSTILES_NEAR
Cannot begin survey: HOSTILES_NEAR
Cannot begin survey: HOSTILES_NEAR
Cannot begin survey: HOSTILES_NEAR
Cannot begin survey: HOSTILES_NEAR
Cannot begin survey: HOSTILES_NEAR
Cannot begin survey: HOSTILES_NEAR
Cannot begin survey: HOSTILES_NEAR
